Checking out revision e8bf9f98d4783d60602b6720ef17da03c794b488
Installing the grading project
Compiling your project with the grading tests
Executing epfl.sweng.test.exam1.Ex1AuditTest#testQuestion1AuditPresent...
PASSED: epfl.sweng.test.exam1.Ex1AuditTest#testQuestion1AuditPresent
Executing epfl.sweng.test.exam1.Ex2AuditTest#testAuditCheckPasses...
Test failed. Debug output follows...
INSTRUMENTATION_STATUS: id=InstrumentationTestRunner
INSTRUMENTATION_STATUS: current=1
INSTRUMENTATION_STATUS: class=epfl.sweng.test.exam1.Ex2AuditTest
INSTRUMENTATION_STATUS: stream=
epfl.sweng.test.exam1.Ex2AuditTest:
INSTRUMENTATION_STATUS: numtests=1
INSTRUMENTATION_STATUS: test=testAuditCheckPasses
INSTRUMENTATION_STATUS_CODE: 1
INSTRUMENTATION_STATUS: id=InstrumentationTestRunner
INSTRUMENTATION_STATUS: current=1
INSTRUMENTATION_STATUS: class=epfl.sweng.test.exam1.Ex2AuditTest
INSTRUMENTATION_STATUS: stream=
Failure in testAuditCheckPasses:
junit.framework.AssertionFailedError: The audit method failed on a freshly started activity expected:<0> but was:<1>
	at epfl.sweng.test.exam1.Ex2AuditTest.testAuditCheckPasses(Ex2AuditTest.java:67)
	at java.lang.reflect.Method.invokeNative(Native Method)
	at android.test.InstrumentationTestCase.runMethod(InstrumentationTestCase.java:214)
	at android.test.InstrumentationTestCase.runTest(InstrumentationTestCase.java:199)
	at android.test.ActivityInstrumentationTestCase2.runTest(ActivityInstrumentationTestCase2.java:192)
	at android.test.AndroidTestRunner.runTest(AndroidTestRunner.java:190)
	at android.test.AndroidTestRunner.runTest(AndroidTestRunner.java:175)
	at android.test.InstrumentationTestRunner.onStart(InstrumentationTestRunner.java:555)
	at android.app.Instrumentation$InstrumentationThread.run(Instrumentation.java:1584)

INSTRUMENTATION_STATUS: numtests=1
INSTRUMENTATION_STATUS: stack=junit.framework.AssertionFailedError: The audit method failed on a freshly started activity expected:<0> but was:<1>
	at epfl.sweng.test.exam1.Ex2AuditTest.testAuditCheckPasses(Ex2AuditTest.java:67)
	at java.lang.reflect.Method.invokeNative(Native Method)
	at android.test.InstrumentationTestCase.runMethod(InstrumentationTestCase.java:214)
	at android.test.InstrumentationTestCase.runTest(InstrumentationTestCase.java:199)
	at android.test.ActivityInstrumentationTestCase2.runTest(ActivityInstrumentationTestCase2.java:192)
	at android.test.AndroidTestRunner.runTest(AndroidTestRunner.java:190)
	at android.test.AndroidTestRunner.runTest(AndroidTestRunner.java:175)
	at android.test.InstrumentationTestRunner.onStart(InstrumentationTestRunner.java:555)
	at android.app.Instrumentation$InstrumentationThread.run(Instrumentation.java:1584)

INSTRUMENTATION_STATUS: test=testAuditCheckPasses
INSTRUMENTATION_STATUS_CODE: -2
INSTRUMENTATION_RESULT: stream=
Test results for InstrumentationTestRunner=.F
Time: 10.042

FAILURES!!!
Tests run: 1,  Failures: 1,  Errors: 0


INSTRUMENTATION_CODE: -1
FAILED: epfl.sweng.test.exam1.Ex2AuditTest#testAuditCheckPasses
Executing epfl.sweng.test.exam1.Ex2AuditTest#testBadQuestionHintBadAnswerHint...
Test failed. Debug output follows...
INSTRUMENTATION_STATUS: id=InstrumentationTestRunner
INSTRUMENTATION_STATUS: current=1
INSTRUMENTATION_STATUS: class=epfl.sweng.test.exam1.Ex2AuditTest
INSTRUMENTATION_STATUS: stream=
epfl.sweng.test.exam1.Ex2AuditTest:
INSTRUMENTATION_STATUS: numtests=1
INSTRUMENTATION_STATUS: test=testBadQuestionHintBadAnswerHint
INSTRUMENTATION_STATUS_CODE: 1
INSTRUMENTATION_STATUS: id=InstrumentationTestRunner
INSTRUMENTATION_STATUS: current=1
INSTRUMENTATION_STATUS: class=epfl.sweng.test.exam1.Ex2AuditTest
INSTRUMENTATION_STATUS: stream=
Failure in testBadQuestionHintBadAnswerHint:
junit.framework.AssertionFailedError: Bad number of violations expected:<2> but was:<1>
	at epfl.sweng.test.exam1.Ex2AuditTest.testBadQuestionHintBadAnswerHint(Ex2AuditTest.java:152)
	at java.lang.reflect.Method.invokeNative(Native Method)
	at android.test.InstrumentationTestCase.runMethod(InstrumentationTestCase.java:214)
	at android.test.InstrumentationTestCase.runTest(InstrumentationTestCase.java:199)
	at android.test.ActivityInstrumentationTestCase2.runTest(ActivityInstrumentationTestCase2.java:192)
	at android.test.AndroidTestRunner.runTest(AndroidTestRunner.java:190)
	at android.test.AndroidTestRunner.runTest(AndroidTestRunner.java:175)
	at android.test.InstrumentationTestRunner.onStart(InstrumentationTestRunner.java:555)
	at android.app.Instrumentation$InstrumentationThread.run(Instrumentation.java:1584)

INSTRUMENTATION_STATUS: numtests=1
INSTRUMENTATION_STATUS: stack=junit.framework.AssertionFailedError: Bad number of violations expected:<2> but was:<1>
	at epfl.sweng.test.exam1.Ex2AuditTest.testBadQuestionHintBadAnswerHint(Ex2AuditTest.java:152)
	at java.lang.reflect.Method.invokeNative(Native Method)
	at android.test.InstrumentationTestCase.runMethod(InstrumentationTestCase.java:214)
	at android.test.InstrumentationTestCase.runTest(InstrumentationTestCase.java:199)
	at android.test.ActivityInstrumentationTestCase2.runTest(ActivityInstrumentationTestCase2.java:192)
	at android.test.AndroidTestRunner.runTest(AndroidTestRunner.java:190)
	at android.test.AndroidTestRunner.runTest(AndroidTestRunner.java:175)
	at android.test.InstrumentationTestRunner.onStart(InstrumentationTestRunner.java:555)
	at android.app.Instrumentation$InstrumentationThread.run(Instrumentation.java:1584)

INSTRUMENTATION_STATUS: test=testBadQuestionHintBadAnswerHint
INSTRUMENTATION_STATUS_CODE: -2
INSTRUMENTATION_RESULT: stream=
Test results for InstrumentationTestRunner=.F
Time: 10.23

FAILURES!!!
Tests run: 1,  Failures: 1,  Errors: 0


INSTRUMENTATION_CODE: -1
FAILED: epfl.sweng.test.exam1.Ex2AuditTest#testBadQuestionHintBadAnswerHint
Executing epfl.sweng.test.exam1.Ex2AuditTest#testBadQuestionHintBadAnswerHintBadTagsHint...
Test failed. Debug output follows...
INSTRUMENTATION_STATUS: id=InstrumentationTestRunner
INSTRUMENTATION_STATUS: current=1
INSTRUMENTATION_STATUS: class=epfl.sweng.test.exam1.Ex2AuditTest
INSTRUMENTATION_STATUS: stream=
epfl.sweng.test.exam1.Ex2AuditTest:
INSTRUMENTATION_STATUS: numtests=1
INSTRUMENTATION_STATUS: test=testBadQuestionHintBadAnswerHintBadTagsHint
INSTRUMENTATION_STATUS_CODE: 1
INSTRUMENTATION_STATUS: id=InstrumentationTestRunner
INSTRUMENTATION_STATUS: current=1
INSTRUMENTATION_STATUS: class=epfl.sweng.test.exam1.Ex2AuditTest
INSTRUMENTATION_STATUS: stream=
Failure in testBadQuestionHintBadAnswerHintBadTagsHint:
junit.framework.AssertionFailedError: Bad number of violations expected:<3> but was:<1>
	at epfl.sweng.test.exam1.Ex2AuditTest.testBadQuestionHintBadAnswerHintBadTagsHint(Ex2AuditTest.java:165)
	at java.lang.reflect.Method.invokeNative(Native Method)
	at android.test.InstrumentationTestCase.runMethod(InstrumentationTestCase.java:214)
	at android.test.InstrumentationTestCase.runTest(InstrumentationTestCase.java:199)
	at android.test.ActivityInstrumentationTestCase2.runTest(ActivityInstrumentationTestCase2.java:192)
	at android.test.AndroidTestRunner.runTest(AndroidTestRunner.java:190)
	at android.test.AndroidTestRunner.runTest(AndroidTestRunner.java:175)
	at android.test.InstrumentationTestRunner.onStart(InstrumentationTestRunner.java:555)
	at android.app.Instrumentation$InstrumentationThread.run(Instrumentation.java:1584)

INSTRUMENTATION_STATUS: numtests=1
INSTRUMENTATION_STATUS: stack=junit.framework.AssertionFailedError: Bad number of violations expected:<3> but was:<1>
	at epfl.sweng.test.exam1.Ex2AuditTest.testBadQuestionHintBadAnswerHintBadTagsHint(Ex2AuditTest.java:165)
	at java.lang.reflect.Method.invokeNative(Native Method)
	at android.test.InstrumentationTestCase.runMethod(InstrumentationTestCase.java:214)
	at android.test.InstrumentationTestCase.runTest(InstrumentationTestCase.java:199)
	at android.test.ActivityInstrumentationTestCase2.runTest(ActivityInstrumentationTestCase2.java:192)
	at android.test.AndroidTestRunner.runTest(AndroidTestRunner.java:190)
	at android.test.AndroidTestRunner.runTest(AndroidTestRunner.java:175)
	at android.test.InstrumentationTestRunner.onStart(InstrumentationTestRunner.java:555)
	at android.app.Instrumentation$InstrumentationThread.run(Instrumentation.java:1584)

INSTRUMENTATION_STATUS: test=testBadQuestionHintBadAnswerHintBadTagsHint
INSTRUMENTATION_STATUS_CODE: -2
INSTRUMENTATION_RESULT: stream=
Test results for InstrumentationTestRunner=.F
Time: 9.771

FAILURES!!!
Tests run: 1,  Failures: 1,  Errors: 0


INSTRUMENTATION_CODE: -1
FAILED: epfl.sweng.test.exam1.Ex2AuditTest#testBadQuestionHintBadAnswerHintBadTagsHint
Executing epfl.sweng.test.exam1.Ex2AuditTest#testBadQuestionHintBadAnswerVisibility...
PASSED: epfl.sweng.test.exam1.Ex2AuditTest#testBadQuestionHintBadAnswerVisibility
Executing epfl.sweng.test.exam1.Ex2AuditTest#testBadQuestionVisibilityBadAnswerHintBadTagsHint...
Test failed. Debug output follows...
INSTRUMENTATION_STATUS: id=InstrumentationTestRunner
INSTRUMENTATION_STATUS: current=1
INSTRUMENTATION_STATUS: class=epfl.sweng.test.exam1.Ex2AuditTest
INSTRUMENTATION_STATUS: stream=
epfl.sweng.test.exam1.Ex2AuditTest:
INSTRUMENTATION_STATUS: numtests=1
INSTRUMENTATION_STATUS: test=testBadQuestionVisibilityBadAnswerHintBadTagsHint
INSTRUMENTATION_STATUS_CODE: 1
INSTRUMENTATION_STATUS: id=InstrumentationTestRunner
INSTRUMENTATION_STATUS: current=1
INSTRUMENTATION_STATUS: class=epfl.sweng.test.exam1.Ex2AuditTest
INSTRUMENTATION_STATUS: stream=
Failure in testBadQuestionVisibilityBadAnswerHintBadTagsHint:
junit.framework.AssertionFailedError: Bad number of violations expected:<3> but was:<2>
	at epfl.sweng.test.exam1.Ex2AuditTest.testBadQuestionVisibilityBadAnswerHintBadTagsHint(Ex2AuditTest.java:172)
	at java.lang.reflect.Method.invokeNative(Native Method)
	at android.test.InstrumentationTestCase.runMethod(InstrumentationTestCase.java:214)
	at android.test.InstrumentationTestCase.runTest(InstrumentationTestCase.java:199)
	at android.test.ActivityInstrumentationTestCase2.runTest(ActivityInstrumentationTestCase2.java:192)
	at android.test.AndroidTestRunner.runTest(AndroidTestRunner.java:190)
	at android.test.AndroidTestRunner.runTest(AndroidTestRunner.java:175)
	at android.test.InstrumentationTestRunner.onStart(InstrumentationTestRunner.java:555)
	at android.app.Instrumentation$InstrumentationThread.run(Instrumentation.java:1584)

INSTRUMENTATION_STATUS: numtests=1
INSTRUMENTATION_STATUS: stack=junit.framework.AssertionFailedError: Bad number of violations expected:<3> but was:<2>
	at epfl.sweng.test.exam1.Ex2AuditTest.testBadQuestionVisibilityBadAnswerHintBadTagsHint(Ex2AuditTest.java:172)
	at java.lang.reflect.Method.invokeNative(Native Method)
	at android.test.InstrumentationTestCase.runMethod(InstrumentationTestCase.java:214)
	at android.test.InstrumentationTestCase.runTest(InstrumentationTestCase.java:199)
	at android.test.ActivityInstrumentationTestCase2.runTest(ActivityInstrumentationTestCase2.java:192)
	at android.test.AndroidTestRunner.runTest(AndroidTestRunner.java:190)
	at android.test.AndroidTestRunner.runTest(AndroidTestRunner.java:175)
	at android.test.InstrumentationTestRunner.onStart(InstrumentationTestRunner.java:555)
	at android.app.Instrumentation$InstrumentationThread.run(Instrumentation.java:1584)

INSTRUMENTATION_STATUS: test=testBadQuestionVisibilityBadAnswerHintBadTagsHint
INSTRUMENTATION_STATUS_CODE: -2
INSTRUMENTATION_RESULT: stream=
Test results for InstrumentationTestRunner=.F
Time: 10.405

FAILURES!!!
Tests run: 1,  Failures: 1,  Errors: 0


INSTRUMENTATION_CODE: -1
FAILED: epfl.sweng.test.exam1.Ex2AuditTest#testBadQuestionVisibilityBadAnswerHintBadTagsHint
Executing epfl.sweng.test.exam1.Ex2AuditTest#testBadQuestionVisibilityBadAnswerHintBadTagsVisibility...
PASSED: epfl.sweng.test.exam1.Ex2AuditTest#testBadQuestionVisibilityBadAnswerHintBadTagsVisibility
Executing epfl.sweng.test.exam1.Ex2AuditTest#testBadQuestionVisibilityBadAnswerVisibility...
Test failed. Debug output follows...
INSTRUMENTATION_STATUS: id=InstrumentationTestRunner
INSTRUMENTATION_STATUS: current=1
INSTRUMENTATION_STATUS: class=epfl.sweng.test.exam1.Ex2AuditTest
INSTRUMENTATION_STATUS: stream=
epfl.sweng.test.exam1.Ex2AuditTest:
INSTRUMENTATION_STATUS: numtests=1
INSTRUMENTATION_STATUS: test=testBadQuestionVisibilityBadAnswerVisibility
INSTRUMENTATION_STATUS_CODE: 1
INSTRUMENTATION_STATUS: id=InstrumentationTestRunner
INSTRUMENTATION_STATUS: current=1
INSTRUMENTATION_STATUS: class=epfl.sweng.test.exam1.Ex2AuditTest
INSTRUMENTATION_STATUS: stream=
Failure in testBadQuestionVisibilityBadAnswerVisibility:
junit.framework.AssertionFailedError: Bad number of violations expected:<2> but was:<3>
	at epfl.sweng.test.exam1.Ex2AuditTest.testBadQuestionVisibilityBadAnswerVisibility(Ex2AuditTest.java:158)
	at java.lang.reflect.Method.invokeNative(Native Method)
	at android.test.InstrumentationTestCase.runMethod(InstrumentationTestCase.java:214)
	at android.test.InstrumentationTestCase.runTest(InstrumentationTestCase.java:199)
	at android.test.ActivityInstrumentationTestCase2.runTest(ActivityInstrumentationTestCase2.java:192)
	at android.test.AndroidTestRunner.runTest(AndroidTestRunner.java:190)
	at android.test.AndroidTestRunner.runTest(AndroidTestRunner.java:175)
	at android.test.InstrumentationTestRunner.onStart(InstrumentationTestRunner.java:555)
	at android.app.Instrumentation$InstrumentationThread.run(Instrumentation.java:1584)

INSTRUMENTATION_STATUS: numtests=1
INSTRUMENTATION_STATUS: stack=junit.framework.AssertionFailedError: Bad number of violations expected:<2> but was:<3>
	at epfl.sweng.test.exam1.Ex2AuditTest.testBadQuestionVisibilityBadAnswerVisibility(Ex2AuditTest.java:158)
	at java.lang.reflect.Method.invokeNative(Native Method)
	at android.test.InstrumentationTestCase.runMethod(InstrumentationTestCase.java:214)
	at android.test.InstrumentationTestCase.runTest(InstrumentationTestCase.java:199)
	at android.test.ActivityInstrumentationTestCase2.runTest(ActivityInstrumentationTestCase2.java:192)
	at android.test.AndroidTestRunner.runTest(AndroidTestRunner.java:190)
	at android.test.AndroidTestRunner.runTest(AndroidTestRunner.java:175)
	at android.test.InstrumentationTestRunner.onStart(InstrumentationTestRunner.java:555)
	at android.app.Instrumentation$InstrumentationThread.run(Instrumentation.java:1584)

INSTRUMENTATION_STATUS: test=testBadQuestionVisibilityBadAnswerVisibility
INSTRUMENTATION_STATUS_CODE: -2
INSTRUMENTATION_RESULT: stream=
Test results for InstrumentationTestRunner=.F
Time: 9.908

FAILURES!!!
Tests run: 1,  Failures: 1,  Errors: 0


INSTRUMENTATION_CODE: -1
FAILED: epfl.sweng.test.exam1.Ex2AuditTest#testBadQuestionVisibilityBadAnswerVisibility
Executing epfl.sweng.test.exam1.Ex2AuditTest#testE2B1QuestionTestBodyHint...
PASSED: epfl.sweng.test.exam1.Ex2AuditTest#testE2B1QuestionTestBodyHint
Executing epfl.sweng.test.exam1.Ex2AuditTest#testE2B1QuestionTestBodyInvisibleAndIncorrectHint...
Test failed. Debug output follows...
INSTRUMENTATION_STATUS: id=InstrumentationTestRunner
INSTRUMENTATION_STATUS: current=1
INSTRUMENTATION_STATUS: class=epfl.sweng.test.exam1.Ex2AuditTest
INSTRUMENTATION_STATUS: stream=
epfl.sweng.test.exam1.Ex2AuditTest:
INSTRUMENTATION_STATUS: numtests=1
INSTRUMENTATION_STATUS: test=testE2B1QuestionTestBodyInvisibleAndIncorrectHint
INSTRUMENTATION_STATUS_CODE: 1
INSTRUMENTATION_STATUS: id=InstrumentationTestRunner
INSTRUMENTATION_STATUS: current=1
INSTRUMENTATION_STATUS: class=epfl.sweng.test.exam1.Ex2AuditTest
INSTRUMENTATION_STATUS: stream=
Failure in testE2B1QuestionTestBodyInvisibleAndIncorrectHint:
junit.framework.AssertionFailedError: Incorrect hint and visibility should count as one violation expected:<1> but was:<2>
	at epfl.sweng.test.exam1.Ex2AuditTest.testE2B1QuestionTestBodyInvisibleAndIncorrectHint(Ex2AuditTest.java:91)
	at java.lang.reflect.Method.invokeNative(Native Method)
	at android.test.InstrumentationTestCase.runMethod(InstrumentationTestCase.java:214)
	at android.test.InstrumentationTestCase.runTest(InstrumentationTestCase.java:199)
	at android.test.ActivityInstrumentationTestCase2.runTest(ActivityInstrumentationTestCase2.java:192)
	at android.test.AndroidTestRunner.runTest(AndroidTestRunner.java:190)
	at android.test.AndroidTestRunner.runTest(AndroidTestRunner.java:175)
	at android.test.InstrumentationTestRunner.onStart(InstrumentationTestRunner.java:555)
	at android.app.Instrumentation$InstrumentationThread.run(Instrumentation.java:1584)

INSTRUMENTATION_STATUS: numtests=1
INSTRUMENTATION_STATUS: stack=junit.framework.AssertionFailedError: Incorrect hint and visibility should count as one violation expected:<1> but was:<2>
	at epfl.sweng.test.exam1.Ex2AuditTest.testE2B1QuestionTestBodyInvisibleAndIncorrectHint(Ex2AuditTest.java:91)
	at java.lang.reflect.Method.invokeNative(Native Method)
	at android.test.InstrumentationTestCase.runMethod(InstrumentationTestCase.java:214)
	at android.test.InstrumentationTestCase.runTest(InstrumentationTestCase.java:199)
	at android.test.ActivityInstrumentationTestCase2.runTest(ActivityInstrumentationTestCase2.java:192)
	at android.test.AndroidTestRunner.runTest(AndroidTestRunner.java:190)
	at android.test.AndroidTestRunner.runTest(AndroidTestRunner.java:175)
	at android.test.InstrumentationTestRunner.onStart(InstrumentationTestRunner.java:555)
	at android.app.Instrumentation$InstrumentationThread.run(Instrumentation.java:1584)

INSTRUMENTATION_STATUS: test=testE2B1QuestionTestBodyInvisibleAndIncorrectHint
INSTRUMENTATION_STATUS_CODE: -2
INSTRUMENTATION_RESULT: stream=
Test results for InstrumentationTestRunner=.F
Time: 10.111

FAILURES!!!
Tests run: 1,  Failures: 1,  Errors: 0


INSTRUMENTATION_CODE: -1
FAILED: epfl.sweng.test.exam1.Ex2AuditTest#testE2B1QuestionTestBodyInvisibleAndIncorrectHint
Executing epfl.sweng.test.exam1.Ex2AuditTest#testE2B1QuestionTestBodyVisible...
Test failed. Debug output follows...
INSTRUMENTATION_STATUS: id=InstrumentationTestRunner
INSTRUMENTATION_STATUS: current=1
INSTRUMENTATION_STATUS: class=epfl.sweng.test.exam1.Ex2AuditTest
INSTRUMENTATION_STATUS: stream=
epfl.sweng.test.exam1.Ex2AuditTest:
INSTRUMENTATION_STATUS: numtests=1
INSTRUMENTATION_STATUS: test=testE2B1QuestionTestBodyVisible
INSTRUMENTATION_STATUS_CODE: 1
INSTRUMENTATION_STATUS: id=InstrumentationTestRunner
INSTRUMENTATION_STATUS: current=1
INSTRUMENTATION_STATUS: class=epfl.sweng.test.exam1.Ex2AuditTest
INSTRUMENTATION_STATUS: stream=
Failure in testE2B1QuestionTestBodyVisible:
junit.framework.AssertionFailedError: Bad number of violations expected:<1> but was:<2>
	at epfl.sweng.test.exam1.Ex2AuditTest.testE2B1QuestionTestBodyVisible(Ex2AuditTest.java:85)
	at java.lang.reflect.Method.invokeNative(Native Method)
	at android.test.InstrumentationTestCase.runMethod(InstrumentationTestCase.java:214)
	at android.test.InstrumentationTestCase.runTest(InstrumentationTestCase.java:199)
	at android.test.ActivityInstrumentationTestCase2.runTest(ActivityInstrumentationTestCase2.java:192)
	at android.test.AndroidTestRunner.runTest(AndroidTestRunner.java:190)
	at android.test.AndroidTestRunner.runTest(AndroidTestRunner.java:175)
	at android.test.InstrumentationTestRunner.onStart(InstrumentationTestRunner.java:555)
	at android.app.Instrumentation$InstrumentationThread.run(Instrumentation.java:1584)

INSTRUMENTATION_STATUS: numtests=1
INSTRUMENTATION_STATUS: stack=junit.framework.AssertionFailedError: Bad number of violations expected:<1> but was:<2>
	at epfl.sweng.test.exam1.Ex2AuditTest.testE2B1QuestionTestBodyVisible(Ex2AuditTest.java:85)
	at java.lang.reflect.Method.invokeNative(Native Method)
	at android.test.InstrumentationTestCase.runMethod(InstrumentationTestCase.java:214)
	at android.test.InstrumentationTestCase.runTest(InstrumentationTestCase.java:199)
	at android.test.ActivityInstrumentationTestCase2.runTest(ActivityInstrumentationTestCase2.java:192)
	at android.test.AndroidTestRunner.runTest(AndroidTestRunner.java:190)
	at android.test.AndroidTestRunner.runTest(AndroidTestRunner.java:175)
	at android.test.InstrumentationTestRunner.onStart(InstrumentationTestRunner.java:555)
	at android.app.Instrumentation$InstrumentationThread.run(Instrumentation.java:1584)

INSTRUMENTATION_STATUS: test=testE2B1QuestionTestBodyVisible
INSTRUMENTATION_STATUS_CODE: -2
INSTRUMENTATION_RESULT: stream=
Test results for InstrumentationTestRunner=.F
Time: 9.469

FAILURES!!!
Tests run: 1,  Failures: 1,  Errors: 0


INSTRUMENTATION_CODE: -1
FAILED: epfl.sweng.test.exam1.Ex2AuditTest#testE2B1QuestionTestBodyVisible
Executing epfl.sweng.test.exam1.Ex2AuditTest#testE2B2AnswerHint...
PASSED: epfl.sweng.test.exam1.Ex2AuditTest#testE2B2AnswerHint
Executing epfl.sweng.test.exam1.Ex2AuditTest#testE2B2QuestionTagsInvisibleAndIncorrectHint...
Test failed. Debug output follows...
INSTRUMENTATION_STATUS: id=InstrumentationTestRunner
INSTRUMENTATION_STATUS: current=1
INSTRUMENTATION_STATUS: class=epfl.sweng.test.exam1.Ex2AuditTest
INSTRUMENTATION_STATUS: stream=
epfl.sweng.test.exam1.Ex2AuditTest:
INSTRUMENTATION_STATUS: numtests=1
INSTRUMENTATION_STATUS: test=testE2B2QuestionTagsInvisibleAndIncorrectHint
INSTRUMENTATION_STATUS_CODE: 1
INSTRUMENTATION_STATUS: id=InstrumentationTestRunner
INSTRUMENTATION_STATUS: current=1
INSTRUMENTATION_STATUS: class=epfl.sweng.test.exam1.Ex2AuditTest
INSTRUMENTATION_STATUS: stream=
Failure in testE2B2QuestionTagsInvisibleAndIncorrectHint:
junit.framework.AssertionFailedError: Incorrect hint and visibility should count as one violation expected:<1> but was:<2>
	at epfl.sweng.test.exam1.Ex2AuditTest.testE2B2QuestionTagsInvisibleAndIncorrectHint(Ex2AuditTest.java:115)
	at java.lang.reflect.Method.invokeNative(Native Method)
	at android.test.InstrumentationTestCase.runMethod(InstrumentationTestCase.java:214)
	at android.test.InstrumentationTestCase.runTest(InstrumentationTestCase.java:199)
	at android.test.ActivityInstrumentationTestCase2.runTest(ActivityInstrumentationTestCase2.java:192)
	at android.test.AndroidTestRunner.runTest(AndroidTestRunner.java:190)
	at android.test.AndroidTestRunner.runTest(AndroidTestRunner.java:175)
	at android.test.InstrumentationTestRunner.onStart(InstrumentationTestRunner.java:555)
	at android.app.Instrumentation$InstrumentationThread.run(Instrumentation.java:1584)

INSTRUMENTATION_STATUS: numtests=1
INSTRUMENTATION_STATUS: stack=junit.framework.AssertionFailedError: Incorrect hint and visibility should count as one violation expected:<1> but was:<2>
	at epfl.sweng.test.exam1.Ex2AuditTest.testE2B2QuestionTagsInvisibleAndIncorrectHint(Ex2AuditTest.java:115)
	at java.lang.reflect.Method.invokeNative(Native Method)
	at android.test.InstrumentationTestCase.runMethod(InstrumentationTestCase.java:214)
	at android.test.InstrumentationTestCase.runTest(InstrumentationTestCase.java:199)
	at android.test.ActivityInstrumentationTestCase2.runTest(ActivityInstrumentationTestCase2.java:192)
	at android.test.AndroidTestRunner.runTest(AndroidTestRunner.java:190)
	at android.test.AndroidTestRunner.runTest(AndroidTestRunner.java:175)
	at android.test.InstrumentationTestRunner.onStart(InstrumentationTestRunner.java:555)
	at android.app.Instrumentation$InstrumentationThread.run(Instrumentation.java:1584)

INSTRUMENTATION_STATUS: test=testE2B2QuestionTagsInvisibleAndIncorrectHint
INSTRUMENTATION_STATUS_CODE: -2
INSTRUMENTATION_RESULT: stream=
Test results for InstrumentationTestRunner=.F
Time: 9.512

FAILURES!!!
Tests run: 1,  Failures: 1,  Errors: 0


INSTRUMENTATION_CODE: -1
FAILED: epfl.sweng.test.exam1.Ex2AuditTest#testE2B2QuestionTagsInvisibleAndIncorrectHint
Executing epfl.sweng.test.exam1.Ex2AuditTest#testE2B2QuestionTagsVisible...
Test failed. Debug output follows...
INSTRUMENTATION_STATUS: id=InstrumentationTestRunner
INSTRUMENTATION_STATUS: current=1
INSTRUMENTATION_STATUS: class=epfl.sweng.test.exam1.Ex2AuditTest
INSTRUMENTATION_STATUS: stream=
epfl.sweng.test.exam1.Ex2AuditTest:
INSTRUMENTATION_STATUS: numtests=1
INSTRUMENTATION_STATUS: test=testE2B2QuestionTagsVisible
INSTRUMENTATION_STATUS_CODE: 1
INSTRUMENTATION_STATUS: id=InstrumentationTestRunner
INSTRUMENTATION_STATUS: current=1
INSTRUMENTATION_STATUS: class=epfl.sweng.test.exam1.Ex2AuditTest
INSTRUMENTATION_STATUS: stream=
Failure in testE2B2QuestionTagsVisible:
junit.framework.AssertionFailedError: Bad number of violations expected:<1> but was:<2>
	at epfl.sweng.test.exam1.Ex2AuditTest.testE2B2QuestionTagsVisible(Ex2AuditTest.java:109)
	at java.lang.reflect.Method.invokeNative(Native Method)
	at android.test.InstrumentationTestCase.runMethod(InstrumentationTestCase.java:214)
	at android.test.InstrumentationTestCase.runTest(InstrumentationTestCase.java:199)
	at android.test.ActivityInstrumentationTestCase2.runTest(ActivityInstrumentationTestCase2.java:192)
	at android.test.AndroidTestRunner.runTest(AndroidTestRunner.java:190)
	at android.test.AndroidTestRunner.runTest(AndroidTestRunner.java:175)
	at android.test.InstrumentationTestRunner.onStart(InstrumentationTestRunner.java:555)
	at android.app.Instrumentation$InstrumentationThread.run(Instrumentation.java:1584)

INSTRUMENTATION_STATUS: numtests=1
INSTRUMENTATION_STATUS: stack=junit.framework.AssertionFailedError: Bad number of violations expected:<1> but was:<2>
	at epfl.sweng.test.exam1.Ex2AuditTest.testE2B2QuestionTagsVisible(Ex2AuditTest.java:109)
	at java.lang.reflect.Method.invokeNative(Native Method)
	at android.test.InstrumentationTestCase.runMethod(InstrumentationTestCase.java:214)
	at android.test.InstrumentationTestCase.runTest(InstrumentationTestCase.java:199)
	at android.test.ActivityInstrumentationTestCase2.runTest(ActivityInstrumentationTestCase2.java:192)
	at android.test.AndroidTestRunner.runTest(AndroidTestRunner.java:190)
	at android.test.AndroidTestRunner.runTest(AndroidTestRunner.java:175)
	at android.test.InstrumentationTestRunner.onStart(InstrumentationTestRunner.java:555)
	at android.app.Instrumentation$InstrumentationThread.run(Instrumentation.java:1584)

INSTRUMENTATION_STATUS: test=testE2B2QuestionTagsVisible
INSTRUMENTATION_STATUS_CODE: -2
INSTRUMENTATION_RESULT: stream=
Test results for InstrumentationTestRunner=.F
Time: 9.596

FAILURES!!!
Tests run: 1,  Failures: 1,  Errors: 0


INSTRUMENTATION_CODE: -1
FAILED: epfl.sweng.test.exam1.Ex2AuditTest#testE2B2QuestionTagsVisible
Executing epfl.sweng.test.exam1.Ex2AuditTest#testE2B3QuestionTagsHint...
PASSED: epfl.sweng.test.exam1.Ex2AuditTest#testE2B3QuestionTagsHint
Executing epfl.sweng.test.exam1.Ex2AuditTest#testE2B3QuestionTagsInvisibleAndIncorrectHint...
Test failed. Debug output follows...
INSTRUMENTATION_STATUS: id=InstrumentationTestRunner
INSTRUMENTATION_STATUS: current=1
INSTRUMENTATION_STATUS: class=epfl.sweng.test.exam1.Ex2AuditTest
INSTRUMENTATION_STATUS: stream=
epfl.sweng.test.exam1.Ex2AuditTest:
INSTRUMENTATION_STATUS: numtests=1
INSTRUMENTATION_STATUS: test=testE2B3QuestionTagsInvisibleAndIncorrectHint
INSTRUMENTATION_STATUS_CODE: 1
INSTRUMENTATION_STATUS: id=InstrumentationTestRunner
INSTRUMENTATION_STATUS: current=1
INSTRUMENTATION_STATUS: class=epfl.sweng.test.exam1.Ex2AuditTest
INSTRUMENTATION_STATUS: stream=
Failure in testE2B3QuestionTagsInvisibleAndIncorrectHint:
junit.framework.AssertionFailedError: Incorrect hint and visibility should count as one violation expected:<1> but was:<2>
	at epfl.sweng.test.exam1.Ex2AuditTest.testE2B3QuestionTagsInvisibleAndIncorrectHint(Ex2AuditTest.java:139)
	at java.lang.reflect.Method.invokeNative(Native Method)
	at android.test.InstrumentationTestCase.runMethod(InstrumentationTestCase.java:214)
	at android.test.InstrumentationTestCase.runTest(InstrumentationTestCase.java:199)
	at android.test.ActivityInstrumentationTestCase2.runTest(ActivityInstrumentationTestCase2.java:192)
	at android.test.AndroidTestRunner.runTest(AndroidTestRunner.java:190)
	at android.test.AndroidTestRunner.runTest(AndroidTestRunner.java:175)
	at android.test.InstrumentationTestRunner.onStart(InstrumentationTestRunner.java:555)
	at android.app.Instrumentation$InstrumentationThread.run(Instrumentation.java:1584)

INSTRUMENTATION_STATUS: numtests=1
INSTRUMENTATION_STATUS: stack=junit.framework.AssertionFailedError: Incorrect hint and visibility should count as one violation expected:<1> but was:<2>
	at epfl.sweng.test.exam1.Ex2AuditTest.testE2B3QuestionTagsInvisibleAndIncorrectHint(Ex2AuditTest.java:139)
	at java.lang.reflect.Method.invokeNative(Native Method)
	at android.test.InstrumentationTestCase.runMethod(InstrumentationTestCase.java:214)
	at android.test.InstrumentationTestCase.runTest(InstrumentationTestCase.java:199)
	at android.test.ActivityInstrumentationTestCase2.runTest(ActivityInstrumentationTestCase2.java:192)
	at android.test.AndroidTestRunner.runTest(AndroidTestRunner.java:190)
	at android.test.AndroidTestRunner.runTest(AndroidTestRunner.java:175)
	at android.test.InstrumentationTestRunner.onStart(InstrumentationTestRunner.java:555)
	at android.app.Instrumentation$InstrumentationThread.run(Instrumentation.java:1584)

INSTRUMENTATION_STATUS: test=testE2B3QuestionTagsInvisibleAndIncorrectHint
INSTRUMENTATION_STATUS_CODE: -2
INSTRUMENTATION_RESULT: stream=
Test results for InstrumentationTestRunner=.F
Time: 9.61

FAILURES!!!
Tests run: 1,  Failures: 1,  Errors: 0


INSTRUMENTATION_CODE: -1
FAILED: epfl.sweng.test.exam1.Ex2AuditTest#testE2B3QuestionTagsInvisibleAndIncorrectHint
Executing epfl.sweng.test.exam1.Ex2AuditTest#testE2B3QuestionTagsVisible...
Test failed. Debug output follows...
INSTRUMENTATION_STATUS: id=InstrumentationTestRunner
INSTRUMENTATION_STATUS: current=1
INSTRUMENTATION_STATUS: class=epfl.sweng.test.exam1.Ex2AuditTest
INSTRUMENTATION_STATUS: stream=
epfl.sweng.test.exam1.Ex2AuditTest:
INSTRUMENTATION_STATUS: numtests=1
INSTRUMENTATION_STATUS: test=testE2B3QuestionTagsVisible
INSTRUMENTATION_STATUS_CODE: 1
INSTRUMENTATION_STATUS: id=InstrumentationTestRunner
INSTRUMENTATION_STATUS: current=1
INSTRUMENTATION_STATUS: class=epfl.sweng.test.exam1.Ex2AuditTest
INSTRUMENTATION_STATUS: stream=
Failure in testE2B3QuestionTagsVisible:
junit.framework.AssertionFailedError: Bad number of violations expected:<1> but was:<2>
	at epfl.sweng.test.exam1.Ex2AuditTest.testE2B3QuestionTagsVisible(Ex2AuditTest.java:133)
	at java.lang.reflect.Method.invokeNative(Native Method)
	at android.test.InstrumentationTestCase.runMethod(InstrumentationTestCase.java:214)
	at android.test.InstrumentationTestCase.runTest(InstrumentationTestCase.java:199)
	at android.test.ActivityInstrumentationTestCase2.runTest(ActivityInstrumentationTestCase2.java:192)
	at android.test.AndroidTestRunner.runTest(AndroidTestRunner.java:190)
	at android.test.AndroidTestRunner.runTest(AndroidTestRunner.java:175)
	at android.test.InstrumentationTestRunner.onStart(InstrumentationTestRunner.java:555)
	at android.app.Instrumentation$InstrumentationThread.run(Instrumentation.java:1584)

INSTRUMENTATION_STATUS: numtests=1
INSTRUMENTATION_STATUS: stack=junit.framework.AssertionFailedError: Bad number of violations expected:<1> but was:<2>
	at epfl.sweng.test.exam1.Ex2AuditTest.testE2B3QuestionTagsVisible(Ex2AuditTest.java:133)
	at java.lang.reflect.Method.invokeNative(Native Method)
	at android.test.InstrumentationTestCase.runMethod(InstrumentationTestCase.java:214)
	at android.test.InstrumentationTestCase.runTest(InstrumentationTestCase.java:199)
	at android.test.ActivityInstrumentationTestCase2.runTest(ActivityInstrumentationTestCase2.java:192)
	at android.test.AndroidTestRunner.runTest(AndroidTestRunner.java:190)
	at android.test.AndroidTestRunner.runTest(AndroidTestRunner.java:175)
	at android.test.InstrumentationTestRunner.onStart(InstrumentationTestRunner.java:555)
	at android.app.Instrumentation$InstrumentationThread.run(Instrumentation.java:1584)

INSTRUMENTATION_STATUS: test=testE2B3QuestionTagsVisible
INSTRUMENTATION_STATUS_CODE: -2
INSTRUMENTATION_RESULT: stream=
Test results for InstrumentationTestRunner=.F
Time: 9.543

FAILURES!!!
Tests run: 1,  Failures: 1,  Errors: 0


INSTRUMENTATION_CODE: -1
FAILED: epfl.sweng.test.exam1.Ex2AuditTest#testE2B3QuestionTagsVisible
Executing epfl.sweng.test.exam1.Ex3AuditTest#testB1B2B3B4AllButtonsInvisible...
Test failed. Debug output follows...
INSTRUMENTATION_STATUS: id=InstrumentationTestRunner
INSTRUMENTATION_STATUS: current=1
INSTRUMENTATION_STATUS: class=epfl.sweng.test.exam1.Ex3AuditTest
INSTRUMENTATION_STATUS: stream=
epfl.sweng.test.exam1.Ex3AuditTest:
INSTRUMENTATION_STATUS: numtests=1
INSTRUMENTATION_STATUS: test=testB1B2B3B4AllButtonsInvisible
INSTRUMENTATION_STATUS_CODE: 1
INSTRUMENTATION_STATUS: id=InstrumentationTestRunner
INSTRUMENTATION_STATUS: current=1
INSTRUMENTATION_STATUS: class=epfl.sweng.test.exam1.Ex3AuditTest
INSTRUMENTATION_STATUS: stream=
Failure in testB1B2B3B4AllButtonsInvisible:
junit.framework.AssertionFailedError: Did not catch all invisible buttons expected:<4> but was:<3>
	at epfl.sweng.test.exam1.Ex3AuditTest.testB1B2B3B4AllButtonsInvisible(Ex3AuditTest.java:243)
	at java.lang.reflect.Method.invokeNative(Native Method)
	at android.test.InstrumentationTestCase.runMethod(InstrumentationTestCase.java:214)
	at android.test.InstrumentationTestCase.runTest(InstrumentationTestCase.java:199)
	at android.test.ActivityInstrumentationTestCase2.runTest(ActivityInstrumentationTestCase2.java:192)
	at android.test.AndroidTestRunner.runTest(AndroidTestRunner.java:190)
	at android.test.AndroidTestRunner.runTest(AndroidTestRunner.java:175)
	at android.test.InstrumentationTestRunner.onStart(InstrumentationTestRunner.java:555)
	at android.app.Instrumentation$InstrumentationThread.run(Instrumentation.java:1584)

INSTRUMENTATION_STATUS: numtests=1
INSTRUMENTATION_STATUS: stack=junit.framework.AssertionFailedError: Did not catch all invisible buttons expected:<4> but was:<3>
	at epfl.sweng.test.exam1.Ex3AuditTest.testB1B2B3B4AllButtonsInvisible(Ex3AuditTest.java:243)
	at java.lang.reflect.Method.invokeNative(Native Method)
	at android.test.InstrumentationTestCase.runMethod(InstrumentationTestCase.java:214)
	at android.test.InstrumentationTestCase.runTest(InstrumentationTestCase.java:199)
	at android.test.ActivityInstrumentationTestCase2.runTest(ActivityInstrumentationTestCase2.java:192)
	at android.test.AndroidTestRunner.runTest(AndroidTestRunner.java:190)
	at android.test.AndroidTestRunner.runTest(AndroidTestRunner.java:175)
	at android.test.InstrumentationTestRunner.onStart(InstrumentationTestRunner.java:555)
	at android.app.Instrumentation$InstrumentationThread.run(Instrumentation.java:1584)

INSTRUMENTATION_STATUS: test=testB1B2B3B4AllButtonsInvisible
INSTRUMENTATION_STATUS_CODE: -2
INSTRUMENTATION_RESULT: stream=
Test results for InstrumentationTestRunner=.F
Time: 6.197

FAILURES!!!
Tests run: 1,  Failures: 1,  Errors: 0


INSTRUMENTATION_CODE: -1
FAILED: epfl.sweng.test.exam1.Ex3AuditTest#testB1B2B3B4AllButtonsInvisible
Executing epfl.sweng.test.exam1.Ex3AuditTest#testB1B2B3B4AllButtonsWithIncorrectLabel...
Test failed. Debug output follows...
INSTRUMENTATION_STATUS: id=InstrumentationTestRunner
INSTRUMENTATION_STATUS: current=1
INSTRUMENTATION_STATUS: class=epfl.sweng.test.exam1.Ex3AuditTest
INSTRUMENTATION_STATUS: stream=
epfl.sweng.test.exam1.Ex3AuditTest:
INSTRUMENTATION_STATUS: numtests=1
INSTRUMENTATION_STATUS: test=testB1B2B3B4AllButtonsWithIncorrectLabel
INSTRUMENTATION_STATUS_CODE: 1
INSTRUMENTATION_STATUS: id=InstrumentationTestRunner
INSTRUMENTATION_STATUS: current=1
INSTRUMENTATION_STATUS: class=epfl.sweng.test.exam1.Ex3AuditTest
INSTRUMENTATION_STATUS: stream=
Failure in testB1B2B3B4AllButtonsWithIncorrectLabel:
junit.framework.AssertionFailedError: Did not catch incorrect labels on all buttons expected:<4> but was:<1>
	at epfl.sweng.test.exam1.Ex3AuditTest.testB1B2B3B4AllButtonsWithIncorrectLabel(Ex3AuditTest.java:259)
	at java.lang.reflect.Method.invokeNative(Native Method)
	at android.test.InstrumentationTestCase.runMethod(InstrumentationTestCase.java:214)
	at android.test.InstrumentationTestCase.runTest(InstrumentationTestCase.java:199)
	at android.test.ActivityInstrumentationTestCase2.runTest(ActivityInstrumentationTestCase2.java:192)
	at android.test.AndroidTestRunner.runTest(AndroidTestRunner.java:190)
	at android.test.AndroidTestRunner.runTest(AndroidTestRunner.java:175)
	at android.test.InstrumentationTestRunner.onStart(InstrumentationTestRunner.java:555)
	at android.app.Instrumentation$InstrumentationThread.run(Instrumentation.java:1584)

INSTRUMENTATION_STATUS: numtests=1
INSTRUMENTATION_STATUS: stack=junit.framework.AssertionFailedError: Did not catch incorrect labels on all buttons expected:<4> but was:<1>
	at epfl.sweng.test.exam1.Ex3AuditTest.testB1B2B3B4AllButtonsWithIncorrectLabel(Ex3AuditTest.java:259)
	at java.lang.reflect.Method.invokeNative(Native Method)
	at android.test.InstrumentationTestCase.runMethod(InstrumentationTestCase.java:214)
	at android.test.InstrumentationTestCase.runTest(InstrumentationTestCase.java:199)
	at android.test.ActivityInstrumentationTestCase2.runTest(ActivityInstrumentationTestCase2.java:192)
	at android.test.AndroidTestRunner.runTest(AndroidTestRunner.java:190)
	at android.test.AndroidTestRunner.runTest(AndroidTestRunner.java:175)
	at android.test.InstrumentationTestRunner.onStart(InstrumentationTestRunner.java:555)
	at android.app.Instrumentation$InstrumentationThread.run(Instrumentation.java:1584)

INSTRUMENTATION_STATUS: test=testB1B2B3B4AllButtonsWithIncorrectLabel
INSTRUMENTATION_STATUS_CODE: -2
INSTRUMENTATION_RESULT: stream=
Test results for InstrumentationTestRunner=.F
Time: 6.875

FAILURES!!!
Tests run: 1,  Failures: 1,  Errors: 0


INSTRUMENTATION_CODE: -1
FAILED: epfl.sweng.test.exam1.Ex3AuditTest#testB1B2B3B4AllButtonsWithIncorrectLabel
Executing epfl.sweng.test.exam1.Ex3AuditTest#testB1B2B3BadPlusLabelBadSubmitLabelBadRemoveLabel...
Test failed. Debug output follows...
INSTRUMENTATION_STATUS: id=InstrumentationTestRunner
INSTRUMENTATION_STATUS: current=1
INSTRUMENTATION_STATUS: class=epfl.sweng.test.exam1.Ex3AuditTest
INSTRUMENTATION_STATUS: stream=
epfl.sweng.test.exam1.Ex3AuditTest:
INSTRUMENTATION_STATUS: numtests=1
INSTRUMENTATION_STATUS: test=testB1B2B3BadPlusLabelBadSubmitLabelBadRemoveLabel
INSTRUMENTATION_STATUS_CODE: 1
INSTRUMENTATION_STATUS: id=InstrumentationTestRunner
INSTRUMENTATION_STATUS: current=1
INSTRUMENTATION_STATUS: class=epfl.sweng.test.exam1.Ex3AuditTest
INSTRUMENTATION_STATUS: stream=
Failure in testB1B2B3BadPlusLabelBadSubmitLabelBadRemoveLabel:
junit.framework.AssertionFailedError: Did not catch incorrect label on add answer, remove answer, and toggle correctness buttons expected:<3> but was:<1>
	at epfl.sweng.test.exam1.Ex3AuditTest.testB1B2B3BadPlusLabelBadSubmitLabelBadRemoveLabel(Ex3AuditTest.java:227)
	at java.lang.reflect.Method.invokeNative(Native Method)
	at android.test.InstrumentationTestCase.runMethod(InstrumentationTestCase.java:214)
	at android.test.InstrumentationTestCase.runTest(InstrumentationTestCase.java:199)
	at android.test.ActivityInstrumentationTestCase2.runTest(ActivityInstrumentationTestCase2.java:192)
	at android.test.AndroidTestRunner.runTest(AndroidTestRunner.java:190)
	at android.test.AndroidTestRunner.runTest(AndroidTestRunner.java:175)
	at android.test.InstrumentationTestRunner.onStart(InstrumentationTestRunner.java:555)
	at android.app.Instrumentation$InstrumentationThread.run(Instrumentation.java:1584)

INSTRUMENTATION_STATUS: numtests=1
INSTRUMENTATION_STATUS: stack=junit.framework.AssertionFailedError: Did not catch incorrect label on add answer, remove answer, and toggle correctness buttons expected:<3> but was:<1>
	at epfl.sweng.test.exam1.Ex3AuditTest.testB1B2B3BadPlusLabelBadSubmitLabelBadRemoveLabel(Ex3AuditTest.java:227)
	at java.lang.reflect.Method.invokeNative(Native Method)
	at android.test.InstrumentationTestCase.runMethod(InstrumentationTestCase.java:214)
	at android.test.InstrumentationTestCase.runTest(InstrumentationTestCase.java:199)
	at android.test.ActivityInstrumentationTestCase2.runTest(ActivityInstrumentationTestCase2.java:192)
	at android.test.AndroidTestRunner.runTest(AndroidTestRunner.java:190)
	at android.test.AndroidTestRunner.runTest(AndroidTestRunner.java:175)
	at android.test.InstrumentationTestRunner.onStart(InstrumentationTestRunner.java:555)
	at android.app.Instrumentation$InstrumentationThread.run(Instrumentation.java:1584)

INSTRUMENTATION_STATUS: test=testB1B2B3BadPlusLabelBadSubmitLabelBadRemoveLabel
INSTRUMENTATION_STATUS_CODE: -2
INSTRUMENTATION_RESULT: stream=
Test results for InstrumentationTestRunner=.F
Time: 6.083

FAILURES!!!
Tests run: 1,  Failures: 1,  Errors: 0


INSTRUMENTATION_CODE: -1
FAILED: epfl.sweng.test.exam1.Ex3AuditTest#testB1B2B3BadPlusLabelBadSubmitLabelBadRemoveLabel
Executing epfl.sweng.test.exam1.Ex3AuditTest#testB1B2BadPlusLabelBadSubmitLabel...
Test failed. Debug output follows...
INSTRUMENTATION_STATUS: id=InstrumentationTestRunner
INSTRUMENTATION_STATUS: current=1
INSTRUMENTATION_STATUS: class=epfl.sweng.test.exam1.Ex3AuditTest
INSTRUMENTATION_STATUS: stream=
epfl.sweng.test.exam1.Ex3AuditTest:
INSTRUMENTATION_STATUS: numtests=1
INSTRUMENTATION_STATUS: test=testB1B2BadPlusLabelBadSubmitLabel
INSTRUMENTATION_STATUS_CODE: 1
INSTRUMENTATION_STATUS: id=InstrumentationTestRunner
INSTRUMENTATION_STATUS: current=1
INSTRUMENTATION_STATUS: class=epfl.sweng.test.exam1.Ex3AuditTest
INSTRUMENTATION_STATUS: stream=
Failure in testB1B2BadPlusLabelBadSubmitLabel:
junit.framework.AssertionFailedError: Did not catch incorrect label on plus and submit buttons expected:<2> but was:<1>
	at epfl.sweng.test.exam1.Ex3AuditTest.testB1B2BadPlusLabelBadSubmitLabel(Ex3AuditTest.java:177)
	at java.lang.reflect.Method.invokeNative(Native Method)
	at android.test.InstrumentationTestCase.runMethod(InstrumentationTestCase.java:214)
	at android.test.InstrumentationTestCase.runTest(InstrumentationTestCase.java:199)
	at android.test.ActivityInstrumentationTestCase2.runTest(ActivityInstrumentationTestCase2.java:192)
	at android.test.AndroidTestRunner.runTest(AndroidTestRunner.java:190)
	at android.test.AndroidTestRunner.runTest(AndroidTestRunner.java:175)
	at android.test.InstrumentationTestRunner.onStart(InstrumentationTestRunner.java:555)
	at android.app.Instrumentation$InstrumentationThread.run(Instrumentation.java:1584)

INSTRUMENTATION_STATUS: numtests=1
INSTRUMENTATION_STATUS: stack=junit.framework.AssertionFailedError: Did not catch incorrect label on plus and submit buttons expected:<2> but was:<1>
	at epfl.sweng.test.exam1.Ex3AuditTest.testB1B2BadPlusLabelBadSubmitLabel(Ex3AuditTest.java:177)
	at java.lang.reflect.Method.invokeNative(Native Method)
	at android.test.InstrumentationTestCase.runMethod(InstrumentationTestCase.java:214)
	at android.test.InstrumentationTestCase.runTest(InstrumentationTestCase.java:199)
	at android.test.ActivityInstrumentationTestCase2.runTest(ActivityInstrumentationTestCase2.java:192)
	at android.test.AndroidTestRunner.runTest(AndroidTestRunner.java:190)
	at android.test.AndroidTestRunner.runTest(AndroidTestRunner.java:175)
	at android.test.InstrumentationTestRunner.onStart(InstrumentationTestRunner.java:555)
	at android.app.Instrumentation$InstrumentationThread.run(Instrumentation.java:1584)

INSTRUMENTATION_STATUS: test=testB1B2BadPlusLabelBadSubmitLabel
INSTRUMENTATION_STATUS_CODE: -2
INSTRUMENTATION_RESULT: stream=
Test results for InstrumentationTestRunner=.F
Time: 6.662

FAILURES!!!
Tests run: 1,  Failures: 1,  Errors: 0


INSTRUMENTATION_CODE: -1
FAILED: epfl.sweng.test.exam1.Ex3AuditTest#testB1B2BadPlusLabelBadSubmitLabel
Executing epfl.sweng.test.exam1.Ex3AuditTest#testB1B2BadPlusLabelBadVisibleSubmit...
PASSED: epfl.sweng.test.exam1.Ex3AuditTest#testB1B2BadPlusLabelBadVisibleSubmit
Executing epfl.sweng.test.exam1.Ex3AuditTest#testB3B4BadMinusLabelBadToggleLabel...
Test failed. Debug output follows...
INSTRUMENTATION_STATUS: id=InstrumentationTestRunner
INSTRUMENTATION_STATUS: current=1
INSTRUMENTATION_STATUS: class=epfl.sweng.test.exam1.Ex3AuditTest
INSTRUMENTATION_STATUS: stream=
epfl.sweng.test.exam1.Ex3AuditTest:
INSTRUMENTATION_STATUS: numtests=1
INSTRUMENTATION_STATUS: test=testB3B4BadMinusLabelBadToggleLabel
INSTRUMENTATION_STATUS_CODE: 1
INSTRUMENTATION_STATUS: id=InstrumentationTestRunner
INSTRUMENTATION_STATUS: current=1
INSTRUMENTATION_STATUS: class=epfl.sweng.test.exam1.Ex3AuditTest
INSTRUMENTATION_STATUS: stream=
Failure in testB3B4BadMinusLabelBadToggleLabel:
junit.framework.AssertionFailedError: Did not catch incorrect label on remove answer and toggle correctness buttons expected:<2> but was:<1>
	at epfl.sweng.test.exam1.Ex3AuditTest.testB3B4BadMinusLabelBadToggleLabel(Ex3AuditTest.java:198)
	at java.lang.reflect.Method.invokeNative(Native Method)
	at android.test.InstrumentationTestCase.runMethod(InstrumentationTestCase.java:214)
	at android.test.InstrumentationTestCase.runTest(InstrumentationTestCase.java:199)
	at android.test.ActivityInstrumentationTestCase2.runTest(ActivityInstrumentationTestCase2.java:192)
	at android.test.AndroidTestRunner.runTest(AndroidTestRunner.java:190)
	at android.test.AndroidTestRunner.runTest(AndroidTestRunner.java:175)
	at android.test.InstrumentationTestRunner.onStart(InstrumentationTestRunner.java:555)
	at android.app.Instrumentation$InstrumentationThread.run(Instrumentation.java:1584)

INSTRUMENTATION_STATUS: numtests=1
INSTRUMENTATION_STATUS: stack=junit.framework.AssertionFailedError: Did not catch incorrect label on remove answer and toggle correctness buttons expected:<2> but was:<1>
	at epfl.sweng.test.exam1.Ex3AuditTest.testB3B4BadMinusLabelBadToggleLabel(Ex3AuditTest.java:198)
	at java.lang.reflect.Method.invokeNative(Native Method)
	at android.test.InstrumentationTestCase.runMethod(InstrumentationTestCase.java:214)
	at android.test.InstrumentationTestCase.runTest(InstrumentationTestCase.java:199)
	at android.test.ActivityInstrumentationTestCase2.runTest(ActivityInstrumentationTestCase2.java:192)
	at android.test.AndroidTestRunner.runTest(AndroidTestRunner.java:190)
	at android.test.AndroidTestRunner.runTest(AndroidTestRunner.java:175)
	at android.test.InstrumentationTestRunner.onStart(InstrumentationTestRunner.java:555)
	at android.app.Instrumentation$InstrumentationThread.run(Instrumentation.java:1584)

INSTRUMENTATION_STATUS: test=testB3B4BadMinusLabelBadToggleLabel
INSTRUMENTATION_STATUS_CODE: -2
INSTRUMENTATION_RESULT: stream=
Test results for InstrumentationTestRunner=.F
Time: 6.902

FAILURES!!!
Tests run: 1,  Failures: 1,  Errors: 0


INSTRUMENTATION_CODE: -1
FAILED: epfl.sweng.test.exam1.Ex3AuditTest#testB3B4BadMinusLabelBadToggleLabel
Executing epfl.sweng.test.exam1.Ex3AuditTest#testB3B4BadMinusLabelBadVisibleToggle...
Test failed. Debug output follows...
INSTRUMENTATION_STATUS: id=InstrumentationTestRunner
INSTRUMENTATION_STATUS: current=1
INSTRUMENTATION_STATUS: class=epfl.sweng.test.exam1.Ex3AuditTest
INSTRUMENTATION_STATUS: stream=
epfl.sweng.test.exam1.Ex3AuditTest:
INSTRUMENTATION_STATUS: numtests=1
INSTRUMENTATION_STATUS: test=testB3B4BadMinusLabelBadVisibleToggle
INSTRUMENTATION_STATUS_CODE: 1
INSTRUMENTATION_STATUS: id=InstrumentationTestRunner
INSTRUMENTATION_STATUS: current=1
INSTRUMENTATION_STATUS: class=epfl.sweng.test.exam1.Ex3AuditTest
INSTRUMENTATION_STATUS: stream=
Failure in testB3B4BadMinusLabelBadVisibleToggle:
junit.framework.AssertionFailedError: Did not catch incorrect label on remove answer button and invisible toggle button expected:<2> but was:<1>
	at epfl.sweng.test.exam1.Ex3AuditTest.testB3B4BadMinusLabelBadVisibleToggle(Ex3AuditTest.java:212)
	at java.lang.reflect.Method.invokeNative(Native Method)
	at android.test.InstrumentationTestCase.runMethod(InstrumentationTestCase.java:214)
	at android.test.InstrumentationTestCase.runTest(InstrumentationTestCase.java:199)
	at android.test.ActivityInstrumentationTestCase2.runTest(ActivityInstrumentationTestCase2.java:192)
	at android.test.AndroidTestRunner.runTest(AndroidTestRunner.java:190)
	at android.test.AndroidTestRunner.runTest(AndroidTestRunner.java:175)
	at android.test.InstrumentationTestRunner.onStart(InstrumentationTestRunner.java:555)
	at android.app.Instrumentation$InstrumentationThread.run(Instrumentation.java:1584)

INSTRUMENTATION_STATUS: numtests=1
INSTRUMENTATION_STATUS: stack=junit.framework.AssertionFailedError: Did not catch incorrect label on remove answer button and invisible toggle button expected:<2> but was:<1>
	at epfl.sweng.test.exam1.Ex3AuditTest.testB3B4BadMinusLabelBadVisibleToggle(Ex3AuditTest.java:212)
	at java.lang.reflect.Method.invokeNative(Native Method)
	at android.test.InstrumentationTestCase.runMethod(InstrumentationTestCase.java:214)
	at android.test.InstrumentationTestCase.runTest(InstrumentationTestCase.java:199)
	at android.test.ActivityInstrumentationTestCase2.runTest(ActivityInstrumentationTestCase2.java:192)
	at android.test.AndroidTestRunner.runTest(AndroidTestRunner.java:190)
	at android.test.AndroidTestRunner.runTest(AndroidTestRunner.java:175)
	at android.test.InstrumentationTestRunner.onStart(InstrumentationTestRunner.java:555)
	at android.app.Instrumentation$InstrumentationThread.run(Instrumentation.java:1584)

INSTRUMENTATION_STATUS: test=testB3B4BadMinusLabelBadVisibleToggle
INSTRUMENTATION_STATUS_CODE: -2
INSTRUMENTATION_RESULT: stream=
Test results for InstrumentationTestRunner=.F
Time: 6.73

FAILURES!!!
Tests run: 1,  Failures: 1,  Errors: 0


INSTRUMENTATION_CODE: -1
FAILED: epfl.sweng.test.exam1.Ex3AuditTest#testB3B4BadMinusLabelBadVisibleToggle
Executing epfl.sweng.test.exam1.Ex3AuditTest#testE3B1AddNewAnswerLabel...
PASSED: epfl.sweng.test.exam1.Ex3AuditTest#testE3B1AddNewAnswerLabel
Executing epfl.sweng.test.exam1.Ex3AuditTest#testE3B1AddNewAnswerLabelAndVisibility...
Test failed. Debug output follows...
INSTRUMENTATION_STATUS: id=InstrumentationTestRunner
INSTRUMENTATION_STATUS: current=1
INSTRUMENTATION_STATUS: class=epfl.sweng.test.exam1.Ex3AuditTest
INSTRUMENTATION_STATUS: stream=
epfl.sweng.test.exam1.Ex3AuditTest:
INSTRUMENTATION_STATUS: numtests=1
INSTRUMENTATION_STATUS: test=testE3B1AddNewAnswerLabelAndVisibility
INSTRUMENTATION_STATUS_CODE: 1
INSTRUMENTATION_STATUS: id=InstrumentationTestRunner
INSTRUMENTATION_STATUS: current=1
INSTRUMENTATION_STATUS: class=epfl.sweng.test.exam1.Ex3AuditTest
INSTRUMENTATION_STATUS: stream=
Failure in testE3B1AddNewAnswerLabelAndVisibility:
junit.framework.AssertionFailedError: Replaced button label '+' with 'bla' and made it invisible.The audit method did not report the correct number of errors expected:<1> but was:<2>
	at epfl.sweng.test.exam1.Ex3AuditTest.checkButtonLabelAndVisibility(Ex3AuditTest.java:79)
	at epfl.sweng.test.exam1.Ex3AuditTest.testE3B1AddNewAnswerLabelAndVisibility(Ex3AuditTest.java:93)
	at java.lang.reflect.Method.invokeNative(Native Method)
	at android.test.InstrumentationTestCase.runMethod(InstrumentationTestCase.java:214)
	at android.test.InstrumentationTestCase.runTest(InstrumentationTestCase.java:199)
	at android.test.ActivityInstrumentationTestCase2.runTest(ActivityInstrumentationTestCase2.java:192)
	at android.test.AndroidTestRunner.runTest(AndroidTestRunner.java:190)
	at android.test.AndroidTestRunner.runTest(AndroidTestRunner.java:175)
	at android.test.InstrumentationTestRunner.onStart(InstrumentationTestRunner.java:555)
	at android.app.Instrumentation$InstrumentationThread.run(Instrumentation.java:1584)

INSTRUMENTATION_STATUS: numtests=1
INSTRUMENTATION_STATUS: stack=junit.framework.AssertionFailedError: Replaced button label '+' with 'bla' and made it invisible.The audit method did not report the correct number of errors expected:<1> but was:<2>
	at epfl.sweng.test.exam1.Ex3AuditTest.checkButtonLabelAndVisibility(Ex3AuditTest.java:79)
	at epfl.sweng.test.exam1.Ex3AuditTest.testE3B1AddNewAnswerLabelAndVisibility(Ex3AuditTest.java:93)
	at java.lang.reflect.Method.invokeNative(Native Method)
	at android.test.InstrumentationTestCase.runMethod(InstrumentationTestCase.java:214)
	at android.test.InstrumentationTestCase.runTest(InstrumentationTestCase.java:199)
	at android.test.ActivityInstrumentationTestCase2.runTest(ActivityInstrumentationTestCase2.java:192)
	at android.test.AndroidTestRunner.runTest(AndroidTestRunner.java:190)
	at android.test.AndroidTestRunner.runTest(AndroidTestRunner.java:175)
	at android.test.InstrumentationTestRunner.onStart(InstrumentationTestRunner.java:555)
	at android.app.Instrumentation$InstrumentationThread.run(Instrumentation.java:1584)

INSTRUMENTATION_STATUS: test=testE3B1AddNewAnswerLabelAndVisibility
INSTRUMENTATION_STATUS_CODE: -2
INSTRUMENTATION_RESULT: stream=
Test results for InstrumentationTestRunner=.F
Time: 7.632

FAILURES!!!
Tests run: 1,  Failures: 1,  Errors: 0


INSTRUMENTATION_CODE: -1
FAILED: epfl.sweng.test.exam1.Ex3AuditTest#testE3B1AddNewAnswerLabelAndVisibility
Executing epfl.sweng.test.exam1.Ex3AuditTest#testE3B1AddNewAnswerVisibility...
Test failed. Debug output follows...
INSTRUMENTATION_STATUS: id=InstrumentationTestRunner
INSTRUMENTATION_STATUS: current=1
INSTRUMENTATION_STATUS: class=epfl.sweng.test.exam1.Ex3AuditTest
INSTRUMENTATION_STATUS: stream=
epfl.sweng.test.exam1.Ex3AuditTest:
INSTRUMENTATION_STATUS: numtests=1
INSTRUMENTATION_STATUS: test=testE3B1AddNewAnswerVisibility
INSTRUMENTATION_STATUS_CODE: 1
INSTRUMENTATION_STATUS: id=InstrumentationTestRunner
INSTRUMENTATION_STATUS: current=1
INSTRUMENTATION_STATUS: class=epfl.sweng.test.exam1.Ex3AuditTest
INSTRUMENTATION_STATUS: stream=
Failure in testE3B1AddNewAnswerVisibility:
junit.framework.AssertionFailedError: Did not catch invisible button expected:<1> but was:<2>
	at epfl.sweng.test.exam1.Ex3AuditTest.checkButtonVisibility(Ex3AuditTest.java:51)
	at epfl.sweng.test.exam1.Ex3AuditTest.testE3B1AddNewAnswerVisibility(Ex3AuditTest.java:89)
	at java.lang.reflect.Method.invokeNative(Native Method)
	at android.test.InstrumentationTestCase.runMethod(InstrumentationTestCase.java:214)
	at android.test.InstrumentationTestCase.runTest(InstrumentationTestCase.java:199)
	at android.test.ActivityInstrumentationTestCase2.runTest(ActivityInstrumentationTestCase2.java:192)
	at android.test.AndroidTestRunner.runTest(AndroidTestRunner.java:190)
	at android.test.AndroidTestRunner.runTest(AndroidTestRunner.java:175)
	at android.test.InstrumentationTestRunner.onStart(InstrumentationTestRunner.java:555)
	at android.app.Instrumentation$InstrumentationThread.run(Instrumentation.java:1584)

INSTRUMENTATION_STATUS: numtests=1
INSTRUMENTATION_STATUS: stack=junit.framework.AssertionFailedError: Did not catch invisible button expected:<1> but was:<2>
	at epfl.sweng.test.exam1.Ex3AuditTest.checkButtonVisibility(Ex3AuditTest.java:51)
	at epfl.sweng.test.exam1.Ex3AuditTest.testE3B1AddNewAnswerVisibility(Ex3AuditTest.java:89)
	at java.lang.reflect.Method.invokeNative(Native Method)
	at android.test.InstrumentationTestCase.runMethod(InstrumentationTestCase.java:214)
	at android.test.InstrumentationTestCase.runTest(InstrumentationTestCase.java:199)
	at android.test.ActivityInstrumentationTestCase2.runTest(ActivityInstrumentationTestCase2.java:192)
	at android.test.AndroidTestRunner.runTest(AndroidTestRunner.java:190)
	at android.test.AndroidTestRunner.runTest(AndroidTestRunner.java:175)
	at android.test.InstrumentationTestRunner.onStart(InstrumentationTestRunner.java:555)
	at android.app.Instrumentation$InstrumentationThread.run(Instrumentation.java:1584)

INSTRUMENTATION_STATUS: test=testE3B1AddNewAnswerVisibility
INSTRUMENTATION_STATUS_CODE: -2
INSTRUMENTATION_RESULT: stream=
Test results for InstrumentationTestRunner=.F
Time: 7.2

FAILURES!!!
Tests run: 1,  Failures: 1,  Errors: 0


INSTRUMENTATION_CODE: -1
FAILED: epfl.sweng.test.exam1.Ex3AuditTest#testE3B1AddNewAnswerVisibility
Executing epfl.sweng.test.exam1.Ex3AuditTest#testE3B2SubmitLabel...
PASSED: epfl.sweng.test.exam1.Ex3AuditTest#testE3B2SubmitLabel
Executing epfl.sweng.test.exam1.Ex3AuditTest#testE3B2SubmitLabelAndVisibility...
Test failed. Debug output follows...
INSTRUMENTATION_STATUS: id=InstrumentationTestRunner
INSTRUMENTATION_STATUS: current=1
INSTRUMENTATION_STATUS: class=epfl.sweng.test.exam1.Ex3AuditTest
INSTRUMENTATION_STATUS: stream=
epfl.sweng.test.exam1.Ex3AuditTest:
INSTRUMENTATION_STATUS: numtests=1
INSTRUMENTATION_STATUS: test=testE3B2SubmitLabelAndVisibility
INSTRUMENTATION_STATUS_CODE: 1
INSTRUMENTATION_STATUS: id=InstrumentationTestRunner
INSTRUMENTATION_STATUS: current=1
INSTRUMENTATION_STATUS: class=epfl.sweng.test.exam1.Ex3AuditTest
INSTRUMENTATION_STATUS: stream=
Failure in testE3B2SubmitLabelAndVisibility:
junit.framework.AssertionFailedError: Replaced button label 'Submit' with 'bla' and made it invisible.The audit method did not report the correct number of errors expected:<1> but was:<2>
	at epfl.sweng.test.exam1.Ex3AuditTest.checkButtonLabelAndVisibility(Ex3AuditTest.java:79)
	at epfl.sweng.test.exam1.Ex3AuditTest.testE3B2SubmitLabelAndVisibility(Ex3AuditTest.java:105)
	at java.lang.reflect.Method.invokeNative(Native Method)
	at android.test.InstrumentationTestCase.runMethod(InstrumentationTestCase.java:214)
	at android.test.InstrumentationTestCase.runTest(InstrumentationTestCase.java:199)
	at android.test.ActivityInstrumentationTestCase2.runTest(ActivityInstrumentationTestCase2.java:192)
	at android.test.AndroidTestRunner.runTest(AndroidTestRunner.java:190)
	at android.test.AndroidTestRunner.runTest(AndroidTestRunner.java:175)
	at android.test.InstrumentationTestRunner.onStart(InstrumentationTestRunner.java:555)
	at android.app.Instrumentation$InstrumentationThread.run(Instrumentation.java:1584)

INSTRUMENTATION_STATUS: numtests=1
INSTRUMENTATION_STATUS: stack=junit.framework.AssertionFailedError: Replaced button label 'Submit' with 'bla' and made it invisible.The audit method did not report the correct number of errors expected:<1> but was:<2>
	at epfl.sweng.test.exam1.Ex3AuditTest.checkButtonLabelAndVisibility(Ex3AuditTest.java:79)
	at epfl.sweng.test.exam1.Ex3AuditTest.testE3B2SubmitLabelAndVisibility(Ex3AuditTest.java:105)
	at java.lang.reflect.Method.invokeNative(Native Method)
	at android.test.InstrumentationTestCase.runMethod(InstrumentationTestCase.java:214)
	at android.test.InstrumentationTestCase.runTest(InstrumentationTestCase.java:199)
	at android.test.ActivityInstrumentationTestCase2.runTest(ActivityInstrumentationTestCase2.java:192)
	at android.test.AndroidTestRunner.runTest(AndroidTestRunner.java:190)
	at android.test.AndroidTestRunner.runTest(AndroidTestRunner.java:175)
	at android.test.InstrumentationTestRunner.onStart(InstrumentationTestRunner.java:555)
	at android.app.Instrumentation$InstrumentationThread.run(Instrumentation.java:1584)

INSTRUMENTATION_STATUS: test=testE3B2SubmitLabelAndVisibility
INSTRUMENTATION_STATUS_CODE: -2
INSTRUMENTATION_RESULT: stream=
Test results for InstrumentationTestRunner=.F
Time: 7.538

FAILURES!!!
Tests run: 1,  Failures: 1,  Errors: 0


INSTRUMENTATION_CODE: -1
FAILED: epfl.sweng.test.exam1.Ex3AuditTest#testE3B2SubmitLabelAndVisibility
Executing epfl.sweng.test.exam1.Ex3AuditTest#testE3B2SubmitVisibility...
Test failed. Debug output follows...
INSTRUMENTATION_STATUS: id=InstrumentationTestRunner
INSTRUMENTATION_STATUS: current=1
INSTRUMENTATION_STATUS: class=epfl.sweng.test.exam1.Ex3AuditTest
INSTRUMENTATION_STATUS: stream=
epfl.sweng.test.exam1.Ex3AuditTest:
INSTRUMENTATION_STATUS: numtests=1
INSTRUMENTATION_STATUS: test=testE3B2SubmitVisibility
INSTRUMENTATION_STATUS_CODE: 1
INSTRUMENTATION_STATUS: id=InstrumentationTestRunner
INSTRUMENTATION_STATUS: current=1
INSTRUMENTATION_STATUS: class=epfl.sweng.test.exam1.Ex3AuditTest
INSTRUMENTATION_STATUS: stream=
Failure in testE3B2SubmitVisibility:
junit.framework.AssertionFailedError: Did not catch invisible button expected:<1> but was:<2>
	at epfl.sweng.test.exam1.Ex3AuditTest.checkButtonVisibility(Ex3AuditTest.java:51)
	at epfl.sweng.test.exam1.Ex3AuditTest.testE3B2SubmitVisibility(Ex3AuditTest.java:101)
	at java.lang.reflect.Method.invokeNative(Native Method)
	at android.test.InstrumentationTestCase.runMethod(InstrumentationTestCase.java:214)
	at android.test.InstrumentationTestCase.runTest(InstrumentationTestCase.java:199)
	at android.test.ActivityInstrumentationTestCase2.runTest(ActivityInstrumentationTestCase2.java:192)
	at android.test.AndroidTestRunner.runTest(AndroidTestRunner.java:190)
	at android.test.AndroidTestRunner.runTest(AndroidTestRunner.java:175)
	at android.test.InstrumentationTestRunner.onStart(InstrumentationTestRunner.java:555)
	at android.app.Instrumentation$InstrumentationThread.run(Instrumentation.java:1584)

INSTRUMENTATION_STATUS: numtests=1
INSTRUMENTATION_STATUS: stack=junit.framework.AssertionFailedError: Did not catch invisible button expected:<1> but was:<2>
	at epfl.sweng.test.exam1.Ex3AuditTest.checkButtonVisibility(Ex3AuditTest.java:51)
	at epfl.sweng.test.exam1.Ex3AuditTest.testE3B2SubmitVisibility(Ex3AuditTest.java:101)
	at java.lang.reflect.Method.invokeNative(Native Method)
	at android.test.InstrumentationTestCase.runMethod(InstrumentationTestCase.java:214)
	at android.test.InstrumentationTestCase.runTest(InstrumentationTestCase.java:199)
	at android.test.ActivityInstrumentationTestCase2.runTest(ActivityInstrumentationTestCase2.java:192)
	at android.test.AndroidTestRunner.runTest(AndroidTestRunner.java:190)
	at android.test.AndroidTestRunner.runTest(AndroidTestRunner.java:175)
	at android.test.InstrumentationTestRunner.onStart(InstrumentationTestRunner.java:555)
	at android.app.Instrumentation$InstrumentationThread.run(Instrumentation.java:1584)

INSTRUMENTATION_STATUS: test=testE3B2SubmitVisibility
INSTRUMENTATION_STATUS_CODE: -2
INSTRUMENTATION_RESULT: stream=
Test results for InstrumentationTestRunner=.F
Time: 6.815

FAILURES!!!
Tests run: 1,  Failures: 1,  Errors: 0


INSTRUMENTATION_CODE: -1
FAILED: epfl.sweng.test.exam1.Ex3AuditTest#testE3B2SubmitVisibility
Executing epfl.sweng.test.exam1.Ex3AuditTest#testE3B3RemoveAnswerLabel...
PASSED: epfl.sweng.test.exam1.Ex3AuditTest#testE3B3RemoveAnswerLabel
Executing epfl.sweng.test.exam1.Ex3AuditTest#testE3B3RemoveAnswerLabelAndVisibility...
PASSED: epfl.sweng.test.exam1.Ex3AuditTest#testE3B3RemoveAnswerLabelAndVisibility
Executing epfl.sweng.test.exam1.Ex3AuditTest#testE3B3RemoveAnswerLabelMultiple...
PASSED: epfl.sweng.test.exam1.Ex3AuditTest#testE3B3RemoveAnswerLabelMultiple
Executing epfl.sweng.test.exam1.Ex3AuditTest#testE3B3RemoveAnswerVisibility...
PASSED: epfl.sweng.test.exam1.Ex3AuditTest#testE3B3RemoveAnswerVisibility
Executing epfl.sweng.test.exam1.Ex3AuditTest#testE3B3RemoveAnswerVisibilityMultiple...
PASSED: epfl.sweng.test.exam1.Ex3AuditTest#testE3B3RemoveAnswerVisibilityMultiple
Executing epfl.sweng.test.exam1.Ex3AuditTest#testE3B4ToggleCorrectnessLabelMultiple...
Test failed. Debug output follows...
INSTRUMENTATION_STATUS: id=InstrumentationTestRunner
INSTRUMENTATION_STATUS: current=1
INSTRUMENTATION_STATUS: class=epfl.sweng.test.exam1.Ex3AuditTest
INSTRUMENTATION_STATUS: stream=
epfl.sweng.test.exam1.Ex3AuditTest:
INSTRUMENTATION_STATUS: numtests=1
INSTRUMENTATION_STATUS: test=testE3B4ToggleCorrectnessLabelMultiple
INSTRUMENTATION_STATUS_CODE: 1
INSTRUMENTATION_STATUS: id=InstrumentationTestRunner
INSTRUMENTATION_STATUS: current=1
INSTRUMENTATION_STATUS: class=epfl.sweng.test.exam1.Ex3AuditTest
INSTRUMENTATION_STATUS: stream=
Failure in testE3B4ToggleCorrectnessLabelMultiple:
junit.framework.AssertionFailedError: Replaced button label '' with 'bla' The audit method did not catch the error expected:<1> but was:<0>
	at epfl.sweng.test.exam1.Ex3AuditTest.checkButtonLabel(Ex3AuditTest.java:69)
	at epfl.sweng.test.exam1.Ex3AuditTest.testE3B4ToggleCorrectnessLabelMultiple(Ex3AuditTest.java:157)
	at java.lang.reflect.Method.invokeNative(Native Method)
	at android.test.InstrumentationTestCase.runMethod(InstrumentationTestCase.java:214)
	at android.test.InstrumentationTestCase.runTest(InstrumentationTestCase.java:199)
	at android.test.ActivityInstrumentationTestCase2.runTest(ActivityInstrumentationTestCase2.java:192)
	at android.test.AndroidTestRunner.runTest(AndroidTestRunner.java:190)
	at android.test.AndroidTestRunner.runTest(AndroidTestRunner.java:175)
	at android.test.InstrumentationTestRunner.onStart(InstrumentationTestRunner.java:555)
	at android.app.Instrumentation$InstrumentationThread.run(Instrumentation.java:1584)

INSTRUMENTATION_STATUS: numtests=1
INSTRUMENTATION_STATUS: stack=junit.framework.AssertionFailedError: Replaced button label '' with 'bla' The audit method did not catch the error expected:<1> but was:<0>
	at epfl.sweng.test.exam1.Ex3AuditTest.checkButtonLabel(Ex3AuditTest.java:69)
	at epfl.sweng.test.exam1.Ex3AuditTest.testE3B4ToggleCorrectnessLabelMultiple(Ex3AuditTest.java:157)
	at java.lang.reflect.Method.invokeNative(Native Method)
	at android.test.InstrumentationTestCase.runMethod(InstrumentationTestCase.java:214)
	at android.test.InstrumentationTestCase.runTest(InstrumentationTestCase.java:199)
	at android.test.ActivityInstrumentationTestCase2.runTest(ActivityInstrumentationTestCase2.java:192)
	at android.test.AndroidTestRunner.runTest(AndroidTestRunner.java:190)
	at android.test.AndroidTestRunner.runTest(AndroidTestRunner.java:175)
	at android.test.InstrumentationTestRunner.onStart(InstrumentationTestRunner.java:555)
	at android.app.Instrumentation$InstrumentationThread.run(Instrumentation.java:1584)

INSTRUMENTATION_STATUS: test=testE3B4ToggleCorrectnessLabelMultiple
INSTRUMENTATION_STATUS_CODE: -2
INSTRUMENTATION_RESULT: stream=
Test results for InstrumentationTestRunner=.F
Time: 12.131

FAILURES!!!
Tests run: 1,  Failures: 1,  Errors: 0


INSTRUMENTATION_CODE: -1
FAILED: epfl.sweng.test.exam1.Ex3AuditTest#testE3B4ToggleCorrectnessLabelMultiple
Executing epfl.sweng.test.exam1.Ex3AuditTest#testE3B4ToggleCorrectnessVisibilityMultiple...
PASSED: epfl.sweng.test.exam1.Ex3AuditTest#testE3B4ToggleCorrectnessVisibilityMultiple
Executing epfl.sweng.test.exam1.Ex4AuditTest#testE4B4MultipleCorrectAnswers...
PASSED: epfl.sweng.test.exam1.Ex4AuditTest#testE4B4MultipleCorrectAnswers
Executing epfl.sweng.test.exam1.Ex4AuditTest#testE4B4SingleCorrectAnswer...
Test failed. Debug output follows...
INSTRUMENTATION_STATUS: id=InstrumentationTestRunner
INSTRUMENTATION_STATUS: current=1
INSTRUMENTATION_STATUS: class=epfl.sweng.test.exam1.Ex4AuditTest
INSTRUMENTATION_STATUS: stream=
epfl.sweng.test.exam1.Ex4AuditTest:
INSTRUMENTATION_STATUS: numtests=1
INSTRUMENTATION_STATUS: test=testE4B4SingleCorrectAnswer
INSTRUMENTATION_STATUS_CODE: 1
INSTRUMENTATION_STATUS: id=InstrumentationTestRunner
INSTRUMENTATION_STATUS: current=1
INSTRUMENTATION_STATUS: class=epfl.sweng.test.exam1.Ex4AuditTest
INSTRUMENTATION_STATUS: stream=
Failure in testE4B4SingleCorrectAnswer:
junit.framework.AssertionFailedError: Audit failed but only one question was marked correct expected:<0> but was:<1>
	at epfl.sweng.test.exam1.Ex4AuditTest.testE4B4SingleCorrectAnswer(Ex4AuditTest.java:51)
	at java.lang.reflect.Method.invokeNative(Native Method)
	at android.test.InstrumentationTestCase.runMethod(InstrumentationTestCase.java:214)
	at android.test.InstrumentationTestCase.runTest(InstrumentationTestCase.java:199)
	at android.test.ActivityInstrumentationTestCase2.runTest(ActivityInstrumentationTestCase2.java:192)
	at android.test.AndroidTestRunner.runTest(AndroidTestRunner.java:190)
	at android.test.AndroidTestRunner.runTest(AndroidTestRunner.java:175)
	at android.test.InstrumentationTestRunner.onStart(InstrumentationTestRunner.java:555)
	at android.app.Instrumentation$InstrumentationThread.run(Instrumentation.java:1584)

INSTRUMENTATION_STATUS: numtests=1
INSTRUMENTATION_STATUS: stack=junit.framework.AssertionFailedError: Audit failed but only one question was marked correct expected:<0> but was:<1>
	at epfl.sweng.test.exam1.Ex4AuditTest.testE4B4SingleCorrectAnswer(Ex4AuditTest.java:51)
	at java.lang.reflect.Method.invokeNative(Native Method)
	at android.test.InstrumentationTestCase.runMethod(InstrumentationTestCase.java:214)
	at android.test.InstrumentationTestCase.runTest(InstrumentationTestCase.java:199)
	at android.test.ActivityInstrumentationTestCase2.runTest(ActivityInstrumentationTestCase2.java:192)
	at android.test.AndroidTestRunner.runTest(AndroidTestRunner.java:190)
	at android.test.AndroidTestRunner.runTest(AndroidTestRunner.java:175)
	at android.test.InstrumentationTestRunner.onStart(InstrumentationTestRunner.java:555)
	at android.app.Instrumentation$InstrumentationThread.run(Instrumentation.java:1584)

INSTRUMENTATION_STATUS: test=testE4B4SingleCorrectAnswer
INSTRUMENTATION_STATUS_CODE: -2
INSTRUMENTATION_RESULT: stream=
Test results for InstrumentationTestRunner=.F
Time: 8.245

FAILURES!!!
Tests run: 1,  Failures: 1,  Errors: 0


INSTRUMENTATION_CODE: -1
FAILED: epfl.sweng.test.exam1.Ex4AuditTest#testE4B4SingleCorrectAnswer
Executing epfl.sweng.test.exam1.Ex5AuditTest#testEx5FreshlyStartedActivityEnabledButton...
Test failed. Debug output follows...
INSTRUMENTATION_STATUS: id=InstrumentationTestRunner
INSTRUMENTATION_STATUS: current=1
INSTRUMENTATION_STATUS: class=epfl.sweng.test.exam1.Ex5AuditTest
INSTRUMENTATION_STATUS: stream=
epfl.sweng.test.exam1.Ex5AuditTest:
INSTRUMENTATION_STATUS: numtests=1
INSTRUMENTATION_STATUS: test=testEx5FreshlyStartedActivityEnabledButton
INSTRUMENTATION_STATUS_CODE: 1
INSTRUMENTATION_STATUS: id=InstrumentationTestRunner
INSTRUMENTATION_STATUS: current=1
INSTRUMENTATION_STATUS: class=epfl.sweng.test.exam1.Ex5AuditTest
INSTRUMENTATION_STATUS: stream=
Failure in testEx5FreshlyStartedActivityEnabledButton:
junit.framework.AssertionFailedError: Audit did not catch enabled submit button with an invalid question expected:<1> but was:<2>
	at epfl.sweng.test.exam1.Ex5AuditTest.testEx5FreshlyStartedActivityEnabledButton(Ex5AuditTest.java:62)
	at java.lang.reflect.Method.invokeNative(Native Method)
	at android.test.InstrumentationTestCase.runMethod(InstrumentationTestCase.java:214)
	at android.test.InstrumentationTestCase.runTest(InstrumentationTestCase.java:199)
	at android.test.ActivityInstrumentationTestCase2.runTest(ActivityInstrumentationTestCase2.java:192)
	at android.test.AndroidTestRunner.runTest(AndroidTestRunner.java:190)
	at android.test.AndroidTestRunner.runTest(AndroidTestRunner.java:175)
	at android.test.InstrumentationTestRunner.onStart(InstrumentationTestRunner.java:555)
	at android.app.Instrumentation$InstrumentationThread.run(Instrumentation.java:1584)

INSTRUMENTATION_STATUS: numtests=1
INSTRUMENTATION_STATUS: stack=junit.framework.AssertionFailedError: Audit did not catch enabled submit button with an invalid question expected:<1> but was:<2>
	at epfl.sweng.test.exam1.Ex5AuditTest.testEx5FreshlyStartedActivityEnabledButton(Ex5AuditTest.java:62)
	at java.lang.reflect.Method.invokeNative(Native Method)
	at android.test.InstrumentationTestCase.runMethod(InstrumentationTestCase.java:214)
	at android.test.InstrumentationTestCase.runTest(InstrumentationTestCase.java:199)
	at android.test.ActivityInstrumentationTestCase2.runTest(ActivityInstrumentationTestCase2.java:192)
	at android.test.AndroidTestRunner.runTest(AndroidTestRunner.java:190)
	at android.test.AndroidTestRunner.runTest(AndroidTestRunner.java:175)
	at android.test.InstrumentationTestRunner.onStart(InstrumentationTestRunner.java:555)
	at android.app.Instrumentation$InstrumentationThread.run(Instrumentation.java:1584)

INSTRUMENTATION_STATUS: test=testEx5FreshlyStartedActivityEnabledButton
INSTRUMENTATION_STATUS_CODE: -2
INSTRUMENTATION_RESULT: stream=
Test results for InstrumentationTestRunner=.F
Time: 6.413

FAILURES!!!
Tests run: 1,  Failures: 1,  Errors: 0


INSTRUMENTATION_CODE: -1
FAILED: epfl.sweng.test.exam1.Ex5AuditTest#testEx5FreshlyStartedActivityEnabledButton
Executing epfl.sweng.test.exam1.Ex5AuditTest#testEx5InvalidQuestionIncompleteAnswerEnabledButton...
PASSED: epfl.sweng.test.exam1.Ex5AuditTest#testEx5InvalidQuestionIncompleteAnswerEnabledButton
Executing epfl.sweng.test.exam1.Ex5AuditTest#testEx5InvalidQuestionNoCorrectAnswerDisabledButton...
Test crashed. Debug output follows...
INSTRUMENTATION_STATUS: id=InstrumentationTestRunner
INSTRUMENTATION_STATUS: current=1
INSTRUMENTATION_STATUS: class=epfl.sweng.test.exam1.Ex5AuditTest
INSTRUMENTATION_STATUS: stream=
epfl.sweng.test.exam1.Ex5AuditTest:
INSTRUMENTATION_STATUS: numtests=1
INSTRUMENTATION_STATUS: test=testEx5InvalidQuestionNoCorrectAnswerDisabledButton
INSTRUMENTATION_STATUS_CODE: 1
INSTRUMENTATION_RESULT: shortMsg=java.util.ConcurrentModificationException
INSTRUMENTATION_RESULT: longMsg=java.util.ConcurrentModificationException
INSTRUMENTATION_CODE: 0
FAILED: epfl.sweng.test.exam1.Ex5AuditTest#testEx5InvalidQuestionNoCorrectAnswerDisabledButton
Executing epfl.sweng.test.exam1.Ex5AuditTest#testEx5InvalidQuestionNoCorrectAnswerEnabledButton...
Test crashed. Debug output follows...
INSTRUMENTATION_STATUS: id=InstrumentationTestRunner
INSTRUMENTATION_STATUS: current=1
INSTRUMENTATION_STATUS: class=epfl.sweng.test.exam1.Ex5AuditTest
INSTRUMENTATION_STATUS: stream=
epfl.sweng.test.exam1.Ex5AuditTest:
INSTRUMENTATION_STATUS: numtests=1
INSTRUMENTATION_STATUS: test=testEx5InvalidQuestionNoCorrectAnswerEnabledButton
INSTRUMENTATION_STATUS_CODE: 1
INSTRUMENTATION_RESULT: shortMsg=java.util.ConcurrentModificationException
INSTRUMENTATION_RESULT: longMsg=java.util.ConcurrentModificationException
INSTRUMENTATION_CODE: 0
FAILED: epfl.sweng.test.exam1.Ex5AuditTest#testEx5InvalidQuestionNoCorrectAnswerEnabledButton
Executing epfl.sweng.test.exam1.Ex5AuditTest#testEx5MinimalValidQuestion...
Test crashed. Debug output follows...
INSTRUMENTATION_STATUS: id=InstrumentationTestRunner
INSTRUMENTATION_STATUS: current=1
INSTRUMENTATION_STATUS: class=epfl.sweng.test.exam1.Ex5AuditTest
INSTRUMENTATION_STATUS: stream=
epfl.sweng.test.exam1.Ex5AuditTest:
INSTRUMENTATION_STATUS: numtests=1
INSTRUMENTATION_STATUS: test=testEx5MinimalValidQuestion
INSTRUMENTATION_STATUS_CODE: 1
INSTRUMENTATION_RESULT: shortMsg=java.util.ConcurrentModificationException
INSTRUMENTATION_RESULT: longMsg=java.util.ConcurrentModificationException
INSTRUMENTATION_CODE: 0
FAILED: epfl.sweng.test.exam1.Ex5AuditTest#testEx5MinimalValidQuestion
Executing epfl.sweng.test.exam1.Ex5AuditTest#testEx5MinimalValidQuestionDisabledButton...
Test crashed. Debug output follows...
INSTRUMENTATION_STATUS: id=InstrumentationTestRunner
INSTRUMENTATION_STATUS: current=1
INSTRUMENTATION_STATUS: class=epfl.sweng.test.exam1.Ex5AuditTest
INSTRUMENTATION_STATUS: stream=
epfl.sweng.test.exam1.Ex5AuditTest:
INSTRUMENTATION_STATUS: numtests=1
INSTRUMENTATION_STATUS: test=testEx5MinimalValidQuestionDisabledButton
INSTRUMENTATION_STATUS_CODE: 1
INSTRUMENTATION_RESULT: shortMsg=java.util.ConcurrentModificationException
INSTRUMENTATION_RESULT: longMsg=java.util.ConcurrentModificationException
INSTRUMENTATION_CODE: 0
FAILED: epfl.sweng.test.exam1.Ex5AuditTest#testEx5MinimalValidQuestionDisabledButton
Total: 17 / 45 tests passed
Testing took 560 seconds
If you feel that there is an error in the testing process,
please write a private note on Piazza, titled
exam1 test results: dchriste
